{
  "RSpec": {
    "coverage": {
      "C:/Users/Usuario/Documents/ProyectoAyDS-2024-1/myapp.rb": {
        "lines": [
          null,
          null,
          1,
          1,
          1,
          1,
          1,
          1,
          1,
          1,
          1,
          1,
          1,
          1,
          1,
          1,
          1,
          1,
          1,
          1,
          1,
          1,
          1,
          1,
          1,
          null,
          1,
          null,
          1,
          1,
          null,
          null,
          1,
          53,
          53,
          53,
          53,
          null,
          null,
          1,
          1,
          1,
          null,
          1,
          1,
          null,
          null,
          1,
          15,
          null,
          null,
          1,
          38,
          38,
          37,
          37,
          21,
          21,
          null,
          16,
          null,
          16,
          null,
          null,
          null,
          1,
          1,
          null,
          null,
          null,
          1,
          1,
          null,
          null,
          1,
          2,
          2,
          1,
          1,
          null,
          1,
          1,
          null,
          1,
          1,
          1,
          1,
          1,
          null,
          null,
          null,
          null,
          1,
          54,
          54,
          null,
          null,
          1,
          2,
          1,
          1,
          1,
          1,
          1,
          1,
          null,
          1,
          null,
          null,
          null,
          1,
          1,
          1,
          null,
          0,
          null,
          null,
          null,
          1,
          0,
          0,
          0,
          0,
          0,
          0,
          0,
          null,
          0,
          0,
          0,
          0,
          null,
          0,
          0,
          0,
          0,
          0,
          0,
          null,
          null,
          null,
          0,
          0,
          0,
          null,
          null,
          null,
          0,
          null,
          null,
          1,
          20,
          19,
          19,
          19,
          19,
          null,
          1,
          null,
          null,
          null,
          1,
          2,
          1,
          1,
          null,
          1,
          null,
          null,
          null,
          1,
          12,
          11,
          11,
          11,
          9,
          9,
          6,
          null,
          9,
          9,
          null,
          2,
          null,
          null,
          1,
          null,
          null,
          null,
          1,
          19,
          18,
          17,
          17,
          16,
          16,
          16,
          null,
          1,
          null,
          null,
          1,
          null,
          null,
          1,
          null,
          null,
          null,
          1,
          13,
          12,
          12,
          12,
          12,
          10,
          10,
          null,
          7,
          null,
          3,
          null,
          10,
          3,
          3,
          null,
          7,
          null,
          null,
          10,
          10,
          8,
          null,
          2,
          2,
          2,
          2,
          2,
          1,
          null,
          1,
          null,
          2,
          2,
          null,
          null,
          2,
          null,
          null,
          1,
          null,
          null,
          null,
          1,
          1,
          null,
          null,
          1,
          2,
          1,
          1,
          1,
          1,
          null,
          1,
          1,
          1,
          null,
          1,
          1,
          1,
          null,
          1,
          null,
          null,
          null,
          1,
          13,
          12,
          12,
          12,
          12,
          12,
          12,
          12,
          12,
          48,
          48,
          null,
          48,
          null,
          12,
          12,
          3,
          3,
          3,
          3,
          3,
          null,
          9,
          null,
          12,
          null,
          5,
          null,
          5,
          null,
          0,
          null,
          null,
          7,
          7,
          null,
          null,
          12,
          null,
          1,
          null,
          null,
          null,
          1,
          2,
          1,
          1,
          1,
          null,
          1,
          null,
          null,
          null,
          1,
          2,
          1,
          1,
          1,
          null,
          1,
          null,
          null,
          null
        ]
      },
      "C:/Users/Usuario/Documents/ProyectoAyDS-2024-1/models/admin.rb": {
        "lines": [
          null,
          null,
          1,
          1,
          1,
          1,
          null
        ]
      },
      "C:/Users/Usuario/Documents/ProyectoAyDS-2024-1/models/user.rb": {
        "lines": [
          null,
          null,
          1,
          null,
          null,
          1,
          1,
          1,
          null,
          null,
          null,
          1,
          1,
          1,
          2,
          null,
          null
        ]
      },
      "C:/Users/Usuario/Documents/ProyectoAyDS-2024-1/models/player.rb": {
        "lines": [
          null,
          null,
          1,
          1,
          null,
          null,
          1,
          1,
          1,
          1,
          null
        ]
      },
      "C:/Users/Usuario/Documents/ProyectoAyDS-2024-1/models/level.rb": {
        "lines": [
          null,
          null,
          1,
          null,
          null,
          1,
          1,
          1,
          1,
          1,
          null,
          null,
          null,
          1,
          1,
          1,
          3,
          null,
          null
        ]
      },
      "C:/Users/Usuario/Documents/ProyectoAyDS-2024-1/models/lesson.rb": {
        "lines": [
          null,
          null,
          1,
          1,
          1,
          null
        ]
      },
      "C:/Users/Usuario/Documents/ProyectoAyDS-2024-1/models/exam.rb": {
        "lines": [
          null,
          null,
          1,
          1,
          1,
          null
        ]
      },
      "C:/Users/Usuario/Documents/ProyectoAyDS-2024-1/models/question.rb": {
        "lines": [
          null,
          null,
          1,
          null,
          null,
          1,
          1,
          1,
          1,
          null,
          1,
          null,
          null,
          null,
          1,
          1,
          1,
          5,
          null,
          null
        ]
      },
      "C:/Users/Usuario/Documents/ProyectoAyDS-2024-1/models/multiple_choice.rb": {
        "lines": [
          null,
          null,
          1,
          null,
          null,
          1,
          1,
          null
        ]
      },
      "C:/Users/Usuario/Documents/ProyectoAyDS-2024-1/models/translation.rb": {
        "lines": [
          null,
          null,
          1,
          1,
          1,
          null
        ]
      },
      "C:/Users/Usuario/Documents/ProyectoAyDS-2024-1/models/mouse_translation.rb": {
        "lines": [
          null,
          null,
          1,
          1,
          1,
          null
        ]
      },
      "C:/Users/Usuario/Documents/ProyectoAyDS-2024-1/models/answer.rb": {
        "lines": [
          null,
          null,
          1,
          null,
          null,
          1,
          1,
          null
        ]
      },
      "C:/Users/Usuario/Documents/ProyectoAyDS-2024-1/models/player_level.rb": {
        "lines": [
          null,
          null,
          1,
          null,
          null,
          1,
          1,
          1,
          null
        ]
      },
      "C:/Users/Usuario/Documents/ProyectoAyDS-2024-1/models/to_complete.rb": {
        "lines": [
          null,
          null,
          1,
          null,
          null,
          1,
          1,
          null
        ]
      },
      "C:/Users/Usuario/Documents/ProyectoAyDS-2024-1/models/image.rb": {
        "lines": [
          null,
          null,
          1,
          1,
          1,
          null,
          null,
          1,
          1,
          1,
          null
        ]
      },
      "C:/Users/Usuario/Documents/ProyectoAyDS-2024-1/uploader/image_uploader.rb": {
        "lines": [
          null,
          null,
          1,
          null,
          null,
          1,
          1,
          1,
          null,
          1,
          1,
          0,
          0,
          null,
          null,
          1,
          0,
          null,
          null
        ]
      },
      "C:/Users/Usuario/Documents/ProyectoAyDS-2024-1/uploader/seed_image_uploader.rb": {
        "lines": [
          null,
          null,
          1,
          null,
          null,
          1,
          1,
          1,
          null,
          1,
          null,
          1,
          0,
          null,
          null
        ]
      },
      "C:/Users/Usuario/Documents/ProyectoAyDS-2024-1/controllers/game_data_manager.rb": {
        "lines": [
          null,
          null,
          1,
          1,
          1,
          null,
          null,
          1,
          1,
          1,
          null,
          null,
          1,
          11,
          null,
          null,
          1,
          11,
          null,
          null,
          1,
          2,
          2,
          2,
          9,
          1,
          1,
          8,
          7,
          null,
          null,
          2,
          null,
          null,
          1,
          161,
          null,
          160,
          160,
          null,
          null,
          142,
          null,
          null,
          1,
          172,
          172,
          null,
          null,
          1,
          5,
          3,
          3,
          3,
          3,
          null,
          null,
          2,
          null,
          null,
          1,
          8,
          8,
          null,
          8,
          null,
          null,
          1,
          6,
          null,
          null,
          1,
          3,
          9,
          9,
          null,
          3,
          4,
          null,
          null,
          null,
          null
        ]
      },
      "C:/Users/Usuario/Documents/ProyectoAyDS-2024-1/controllers/questions_manager.rb": {
        "lines": [
          null,
          null,
          1,
          1,
          1,
          1,
          null,
          null,
          null,
          1,
          null,
          1,
          23,
          null,
          null,
          null,
          null,
          null,
          null,
          null,
          23,
          null,
          null,
          null,
          1,
          21,
          5,
          16,
          15,
          15,
          15,
          null,
          1,
          null,
          null,
          null,
          null,
          1,
          11,
          11,
          11,
          null,
          null,
          1,
          8,
          null,
          null,
          1,
          null,
          5,
          null,
          5,
          null,
          0,
          null,
          0,
          0,
          null,
          null,
          2,
          null,
          2,
          null,
          1,
          null,
          1,
          null,
          1,
          null,
          1,
          null,
          1,
          null,
          1,
          null,
          5,
          null,
          0,
          null,
          null,
          null,
          1,
          null,
          17,
          16,
          null,
          2,
          8,
          8,
          null,
          null,
          5,
          null,
          2,
          null,
          2,
          null,
          1,
          null,
          null,
          null,
          2,
          null,
          null,
          4,
          null,
          null,
          3,
          null,
          null,
          1,
          null,
          null,
          null
        ]
      },
      "C:/Users/Usuario/Documents/ProyectoAyDS-2024-1/models/falling_object.rb": {
        "lines": [
          null,
          null,
          1,
          null,
          1,
          1,
          null
        ]
      },
      "C:/Users/Usuario/Documents/ProyectoAyDS-2024-1/controllers/levels_manager.rb": {
        "lines": [
          null,
          null,
          1,
          null,
          null,
          1,
          1,
          3,
          null,
          1,
          null,
          1,
          null,
          1,
          null,
          null,
          null
        ]
      },
      "C:/Users/Usuario/Documents/ProyectoAyDS-2024-1/spec/test_spec.rb": {
        "lines": [
          null,
          null,
          1,
          null,
          1,
          1,
          1,
          1,
          1,
          null,
          1,
          1,
          null,
          1,
          null,
          53,
          null,
          null,
          null,
          1,
          1,
          14,
          14,
          null,
          null,
          1,
          1,
          1,
          0,
          0,
          null,
          null,
          null,
          1,
          1,
          1,
          null,
          null,
          1,
          1,
          1,
          null,
          null,
          1,
          1,
          1,
          0,
          0,
          null,
          null,
          null,
          1,
          1,
          1,
          0,
          0,
          null,
          null,
          null,
          1,
          1,
          1,
          0,
          0,
          null,
          null,
          null,
          1,
          1,
          1,
          0,
          0,
          null,
          null,
          null,
          null,
          1,
          1,
          1,
          0,
          0,
          null,
          null,
          null,
          null,
          1,
          1,
          1,
          0,
          0,
          null,
          null,
          null,
          1,
          1,
          1,
          0,
          0,
          null,
          null,
          null,
          1,
          1,
          1,
          0,
          0,
          null,
          null,
          null,
          1,
          1,
          1,
          0,
          0,
          null,
          null,
          null,
          1,
          1,
          1,
          0,
          0,
          null,
          null,
          null,
          1,
          1,
          1,
          null,
          null,
          null,
          1,
          1,
          16,
          16,
          null,
          null,
          1,
          1,
          2,
          null,
          null,
          1,
          1,
          2,
          null,
          null,
          1,
          1,
          2,
          null,
          null,
          1,
          1,
          2,
          null,
          null,
          1,
          1,
          null,
          null,
          null,
          null,
          null,
          null,
          null,
          1,
          0,
          0,
          null,
          null,
          null,
          1,
          1,
          null,
          null,
          null,
          null,
          null,
          null,
          null,
          1,
          0,
          0,
          null,
          null,
          null,
          1,
          1,
          null,
          null,
          null,
          null,
          null,
          null,
          null,
          1,
          0,
          0,
          null,
          null,
          null,
          1,
          1,
          null,
          null,
          null,
          null,
          null,
          null,
          null,
          null,
          null,
          null,
          null,
          null,
          null,
          null,
          1,
          0,
          0,
          null,
          null,
          null,
          1,
          1,
          null,
          null,
          null,
          null,
          null,
          null,
          null,
          1,
          0,
          0,
          null,
          null,
          null,
          1,
          1,
          null,
          null,
          null,
          null,
          null,
          null,
          null,
          1,
          0,
          0,
          null,
          null,
          null,
          1,
          1,
          null,
          null,
          null,
          null,
          null,
          null,
          null,
          1,
          0,
          0,
          null,
          null,
          null,
          1,
          1,
          null,
          null,
          null,
          null,
          null,
          null,
          null,
          null,
          1,
          0,
          0,
          null,
          null,
          null,
          1,
          1,
          null,
          null,
          null,
          null,
          null,
          null,
          1,
          0,
          0,
          null,
          null,
          null,
          1,
          1,
          null,
          null,
          null,
          null,
          null,
          null,
          1,
          0,
          0,
          null,
          null,
          null,
          1,
          1,
          null,
          null,
          null,
          null,
          null,
          null,
          null,
          null,
          null,
          null,
          null,
          null,
          null,
          null,
          1,
          0,
          0,
          null,
          null,
          null,
          1,
          1,
          null,
          null,
          null,
          null,
          null,
          null,
          null,
          null,
          null,
          null,
          null,
          null,
          null,
          null,
          1,
          0,
          0,
          null,
          null,
          null,
          null,
          1,
          1,
          7,
          7,
          null,
          null,
          1,
          1,
          2,
          null,
          null,
          1,
          1,
          1,
          1,
          0,
          0,
          null,
          null,
          null,
          1,
          1,
          1,
          0,
          0,
          null,
          null,
          null,
          1,
          1,
          1,
          null,
          null,
          1,
          1,
          1,
          null,
          null,
          1,
          1,
          1,
          null,
          null,
          1,
          1,
          1,
          0,
          0,
          null,
          null,
          null,
          null,
          1,
          1,
          14,
          14,
          null,
          14,
          14,
          14,
          112,
          112,
          null,
          14,
          14,
          null,
          null,
          1,
          14,
          null,
          null,
          1,
          1,
          1,
          1,
          null,
          null,
          1,
          1,
          1,
          1,
          1,
          null,
          null,
          1,
          1,
          1,
          1,
          1,
          1,
          1,
          1,
          null,
          null,
          1,
          1,
          1,
          1,
          1,
          1,
          1,
          1,
          1,
          null,
          null,
          1,
          1,
          1,
          1,
          null,
          null,
          1,
          1,
          1,
          1,
          1,
          1,
          1,
          1,
          0,
          0,
          null,
          null,
          null,
          1,
          1,
          1,
          1,
          1,
          1,
          null,
          null,
          1,
          1,
          1,
          1,
          1,
          1,
          null,
          null,
          1,
          1,
          1,
          1,
          null,
          null,
          1,
          1,
          1,
          1,
          null,
          null,
          1,
          1,
          1,
          1,
          null,
          null,
          1,
          1,
          1,
          1,
          null,
          null,
          1,
          1,
          1,
          1,
          1,
          1,
          1,
          1,
          1,
          1,
          1,
          null,
          null,
          1,
          1,
          1,
          1,
          1,
          1,
          1,
          1,
          1,
          1,
          1,
          null,
          null,
          null,
          null,
          1,
          1,
          2,
          null,
          null,
          1,
          2,
          null,
          null,
          1,
          1,
          1,
          0,
          0,
          null,
          null,
          null,
          1,
          1,
          1,
          1,
          null,
          null,
          null,
          1,
          19,
          19,
          null,
          null,
          1,
          null,
          18,
          null,
          null,
          null,
          null,
          null,
          null,
          null,
          1,
          108,
          null,
          null,
          1,
          1,
          1,
          null,
          null,
          1,
          1,
          null,
          null,
          1,
          1,
          null,
          null,
          1,
          1,
          null,
          null,
          1,
          1,
          null,
          null,
          null,
          1,
          1,
          1,
          1,
          null,
          null,
          1,
          1,
          1,
          null,
          null,
          1,
          1,
          1,
          1,
          null,
          null,
          1,
          1,
          1,
          1,
          1,
          null,
          null,
          1,
          1,
          1,
          1,
          null,
          null,
          1,
          1,
          1,
          1,
          1,
          null,
          null,
          1,
          1,
          1,
          1,
          null,
          null,
          1,
          1,
          1,
          1,
          1,
          null,
          null,
          1,
          1,
          1,
          1,
          null,
          null,
          1,
          1,
          1,
          1,
          1,
          null,
          null,
          1,
          1,
          1,
          1,
          1,
          1,
          null,
          null,
          null,
          1,
          1,
          1,
          null,
          null,
          null,
          1,
          1,
          1,
          1,
          1,
          null,
          null,
          1,
          null,
          null,
          null,
          null
        ]
      },
      "C:/Users/Usuario/Documents/ProyectoAyDS-2024-1/models/tutorial.rb": {
        "lines": [
          null,
          null,
          1,
          1,
          1,
          null
        ]
      }
    },
    "timestamp": 1729966019
  }
}
