{
  "RSpec": {
    "coverage": {
      "C:/Users/Usuario/Documents/ProyectoAyDS-2024-1/myapp.rb": {
        "lines": [
          1,
          1,
          1,
          1,
          1,
          1,
          1,
          1,
          1,
          1,
          1,
          1,
          1,
          1,
          1,
          null,
          1,
          1,
          32,
          32,
          32,
          null,
          null,
          1,
          1,
          1,
          null,
          1,
          1,
          null,
          null,
          1,
          20,
          null,
          null,
          1,
          21,
          21,
          20,
          20,
          null,
          1,
          1,
          null,
          null,
          null,
          1,
          1,
          null,
          null,
          1,
          2,
          2,
          1,
          1,
          null,
          1,
          1,
          1,
          1,
          1,
          null,
          null,
          null,
          null,
          1,
          33,
          33,
          null,
          null,
          1,
          3,
          2,
          2,
          2,
          2,
          2,
          null,
          1,
          null,
          null,
          null,
          1,
          21,
          20,
          20,
          20,
          20,
          null,
          1,
          null,
          null,
          null,
          1,
          2,
          1,
          1,
          null,
          1,
          null,
          null,
          null,
          1,
          12,
          11,
          11,
          11,
          9,
          9,
          6,
          null,
          9,
          9,
          null,
          2,
          null,
          null,
          1,
          null,
          null,
          null,
          1,
          20,
          19,
          18,
          18,
          17,
          17,
          17,
          17,
          null,
          null,
          1,
          null,
          null,
          1,
          null,
          null,
          1,
          null,
          null,
          null,
          1,
          13,
          12,
          12,
          12,
          12,
          11,
          10,
          null,
          7,
          null,
          3,
          null,
          10,
          4,
          null,
          null,
          10,
          10,
          8,
          null,
          2,
          2,
          2,
          2,
          2,
          1,
          null,
          1,
          null,
          2,
          2,
          null,
          null,
          1,
          null,
          null,
          1,
          null,
          null,
          null
        ]
      },
      "C:/Users/Usuario/Documents/ProyectoAyDS-2024-1/models/user.rb": {
        "lines": [
          1,
          1,
          1,
          1,
          null
        ]
      },
      "C:/Users/Usuario/Documents/ProyectoAyDS-2024-1/models/level.rb": {
        "lines": [
          1,
          1,
          1,
          1,
          1,
          1,
          null,
          null,
          1,
          1,
          1,
          2,
          null,
          null
        ]
      },
      "C:/Users/Usuario/Documents/ProyectoAyDS-2024-1/models/lesson.rb": {
        "lines": [
          1,
          1,
          1,
          null
        ]
      },
      "C:/Users/Usuario/Documents/ProyectoAyDS-2024-1/models/exam.rb": {
        "lines": [
          1,
          1,
          1,
          null
        ]
      },
      "C:/Users/Usuario/Documents/ProyectoAyDS-2024-1/models/question.rb": {
        "lines": [
          1,
          1,
          1,
          1,
          1,
          1,
          null,
          null,
          1,
          1,
          1,
          4,
          null,
          null,
          null
        ]
      },
      "C:/Users/Usuario/Documents/ProyectoAyDS-2024-1/models/multiple_choice.rb": {
        "lines": [
          1,
          1,
          1,
          null
        ]
      },
      "C:/Users/Usuario/Documents/ProyectoAyDS-2024-1/models/translation.rb": {
        "lines": [
          1,
          1,
          1,
          null
        ]
      },
      "C:/Users/Usuario/Documents/ProyectoAyDS-2024-1/models/mouse_translation.rb": {
        "lines": [
          null,
          1,
          null,
          1,
          1,
          null
        ]
      },
      "C:/Users/Usuario/Documents/ProyectoAyDS-2024-1/models/answer.rb": {
        "lines": [
          1,
          1,
          1,
          null
        ]
      },
      "C:/Users/Usuario/Documents/ProyectoAyDS-2024-1/models/user_level.rb": {
        "lines": [
          1,
          1,
          1,
          1,
          null
        ]
      },
      "C:/Users/Usuario/Documents/ProyectoAyDS-2024-1/models/to_complete.rb": {
        "lines": [
          1,
          1,
          1,
          null
        ]
      },
      "C:/Users/Usuario/Documents/ProyectoAyDS-2024-1/controllers/game_data_manager.rb": {
        "lines": [
          1,
          1,
          1,
          null,
          null,
          1,
          null,
          1,
          1,
          null,
          null,
          1,
          24,
          null,
          null,
          1,
          24,
          null,
          null,
          1,
          2,
          2,
          2,
          7,
          1,
          1,
          1,
          null,
          null,
          6,
          5,
          null,
          null,
          null,
          2,
          null,
          null,
          1,
          124,
          123,
          123,
          19,
          null,
          104,
          null,
          null,
          1,
          null,
          null,
          null,
          1,
          135,
          135,
          null,
          null,
          1,
          5,
          3,
          3,
          3,
          3,
          null,
          null,
          2,
          null,
          null,
          1,
          8,
          8,
          8,
          null,
          null,
          null,
          1,
          6,
          null,
          null,
          1,
          5,
          21,
          21,
          null,
          5,
          9,
          null,
          null,
          null,
          null,
          null
        ]
      },
      "C:/Users/Usuario/Documents/ProyectoAyDS-2024-1/controllers/questions_manager.rb": {
        "lines": [
          1,
          1,
          1,
          null,
          null,
          null,
          1,
          null,
          null,
          1,
          24,
          null,
          7,
          null,
          9,
          null,
          2,
          null,
          5,
          null,
          1,
          null,
          null,
          null,
          null,
          1,
          21,
          5,
          16,
          15,
          15,
          15,
          null,
          1,
          null,
          null,
          null,
          null,
          1,
          11,
          11,
          11,
          11,
          null,
          null,
          1,
          8,
          null,
          null,
          null,
          null
        ]
      },
      "C:/Users/Usuario/Documents/ProyectoAyDS-2024-1/spec/test_spec.rb": {
        "lines": [
          1,
          null,
          1,
          1,
          1,
          1,
          null,
          1,
          1,
          null,
          1,
          null,
          32,
          null,
          null,
          null,
          1,
          1,
          10,
          10,
          null,
          null,
          1,
          1,
          1,
          1,
          1,
          null,
          null,
          1,
          1,
          1,
          null,
          null,
          1,
          1,
          1,
          null,
          null,
          1,
          1,
          1,
          1,
          1,
          null,
          null,
          1,
          1,
          1,
          1,
          1,
          null,
          null,
          1,
          1,
          1,
          1,
          1,
          null,
          null,
          1,
          1,
          1,
          1,
          1,
          null,
          null,
          null,
          1,
          1,
          1,
          1,
          1,
          null,
          null,
          null,
          1,
          1,
          1,
          1,
          1,
          null,
          null,
          1,
          1,
          1,
          null,
          null,
          null,
          1,
          1,
          6,
          6,
          null,
          null,
          1,
          1,
          1,
          1,
          null,
          null,
          1,
          1,
          1,
          1,
          1,
          1,
          null,
          null,
          1,
          1,
          1,
          1,
          1,
          null,
          null,
          1,
          1,
          1,
          null,
          null,
          1,
          1,
          1,
          null,
          null,
          1,
          1,
          1,
          1,
          1,
          null,
          null,
          null,
          1,
          1,
          14,
          14,
          14,
          14,
          14,
          84,
          84,
          null,
          14,
          14,
          null,
          null,
          1,
          14,
          null,
          null,
          1,
          1,
          1,
          1,
          null,
          null,
          1,
          1,
          1,
          1,
          1,
          1,
          1,
          1,
          null,
          null,
          1,
          1,
          1,
          1,
          1,
          1,
          1,
          1,
          1,
          null,
          null,
          1,
          1,
          1,
          1,
          null,
          null,
          1,
          1,
          1,
          null,
          null,
          1,
          1,
          1,
          1,
          1,
          1,
          1,
          1,
          1,
          1,
          null,
          null,
          1,
          1,
          1,
          1,
          1,
          1,
          null,
          null,
          1,
          1,
          1,
          1,
          1,
          1,
          null,
          1,
          1,
          1,
          1,
          null,
          null,
          1,
          1,
          1,
          1,
          null,
          null,
          1,
          1,
          0,
          0,
          null,
          null,
          1,
          1,
          1,
          1,
          null,
          null,
          1,
          1,
          1,
          1,
          1,
          1,
          1,
          1,
          1,
          1,
          1,
          null,
          null,
          1,
          1,
          1,
          1,
          1,
          1,
          1,
          1,
          1,
          1,
          1,
          null,
          null,
          null,
          null,
          1,
          1,
          2,
          null,
          null,
          1,
          2,
          null,
          null,
          1,
          1,
          1,
          1,
          1,
          null,
          null,
          1,
          1,
          1,
          1,
          null,
          null,
          null,
          1,
          19,
          19,
          5,
          19,
          19,
          19,
          19,
          null,
          1,
          18,
          18,
          18,
          18,
          null,
          null,
          1,
          1,
          1,
          null,
          null,
          1,
          1,
          null,
          null,
          1,
          1,
          null,
          null,
          1,
          1,
          null,
          null,
          1,
          1,
          null,
          null,
          null,
          1,
          null,
          1,
          1,
          1,
          null,
          null,
          1,
          1,
          1,
          null,
          null,
          1,
          1,
          1,
          1,
          null,
          null,
          1,
          1,
          1,
          1,
          1,
          null,
          null,
          1,
          1,
          1,
          1,
          null,
          null,
          1,
          1,
          1,
          1,
          1,
          null,
          null,
          1,
          1,
          1,
          1,
          null,
          null,
          1,
          1,
          1,
          1,
          1,
          null,
          null,
          1,
          1,
          1,
          1,
          null,
          null,
          1,
          1,
          1,
          1,
          1,
          null,
          null,
          1,
          1,
          1,
          1,
          1,
          1,
          null,
          null,
          null,
          1,
          1,
          1,
          null,
          null,
          null,
          1,
          1,
          1,
          1,
          1,
          1,
          1,
          null,
          null,
          null,
          null
        ]
      }
    },
    "timestamp": 1727126193
  }
}
